<?xml version="1.0" encoding="UTF-8"?>
<testsuite xmlns:xsi="http://www.w3.org/2001/XMLSchema-instance" xsi:noNamespaceSchemaLocation="https://maven.apache.org/surefire/maven-surefire-plugin/xsd/surefire-test-report.xsd" name="com.mysbrcif.core.listeners.SimpleResourceListenerTest" time="0.037" tests="1" errors="0" skipped="0" failures="0">
  <properties>
    <property name="sun.desktop" value="windows"/>
    <property name="awt.toolkit" value="sun.awt.windows.WToolkit"/>
    <property name="file.encoding.pkg" value="sun.io"/>
    <property name="java.specification.version" value="1.8"/>
    <property name="sun.cpu.isalist" value="amd64"/>
    <property name="sun.jnu.encoding" value="Cp1252"/>
    <property name="java.class.path" value="C:\Users\shirasto\.m2\repository\org\apache\maven\surefire\surefire-booter\2.22.1\surefire-booter-2.22.1.jar;C:\Users\shirasto\.m2\repository\org\apache\maven\surefire\surefire-api\2.22.1\surefire-api-2.22.1.jar;C:\Users\shirasto\.m2\repository\org\apache\maven\surefire\surefire-logger-api\2.22.1\surefire-logger-api-2.22.1.jar;C:\Users\shirasto\Downloads\aem cards\mysbrcif\core\target\test-classes;C:\Users\shirasto\Downloads\aem cards\mysbrcif\core\target\classes;C:\Users\shirasto\.m2\repository\uk\org\lidalia\slf4j-test\1.0.1\slf4j-test-1.0.1.jar;C:\Users\shirasto\.m2\repository\uk\org\lidalia\lidalia-lang\1.0.0\lidalia-lang-1.0.0.jar;C:\Users\shirasto\.m2\repository\com\google\guava\guava\14.0.1\guava-14.0.1.jar;C:\Users\shirasto\.m2\repository\uk\org\lidalia\lidalia-slf4j-ext\1.0.0\lidalia-slf4j-ext-1.0.0.jar;C:\Users\shirasto\.m2\repository\joda-time\joda-time\2.2\joda-time-2.2.jar;C:\Users\shirasto\.m2\repository\org\osgi\org.osgi.annotation.versioning\1.1.0\org.osgi.annotation.versioning-1.1.0.jar;C:\Users\shirasto\.m2\repository\org\osgi\org.osgi.annotation.bundle\1.0.0\org.osgi.annotation.bundle-1.0.0.jar;C:\Users\shirasto\.m2\repository\org\osgi\org.osgi.service.metatype.annotations\1.4.0\org.osgi.service.metatype.annotations-1.4.0.jar;C:\Users\shirasto\.m2\repository\org\osgi\org.osgi.service.component.annotations\1.4.0\org.osgi.service.component.annotations-1.4.0.jar;C:\Users\shirasto\.m2\repository\org\osgi\org.osgi.service.component\1.4.0\org.osgi.service.component-1.4.0.jar;C:\Users\shirasto\.m2\repository\org\osgi\org.osgi.service.cm\1.6.0\org.osgi.service.cm-1.6.0.jar;C:\Users\shirasto\.m2\repository\org\osgi\org.osgi.service.event\1.3.1\org.osgi.service.event-1.3.1.jar;C:\Users\shirasto\.m2\repository\org\osgi\org.osgi.service.log\1.4.0\org.osgi.service.log-1.4.0.jar;C:\Users\shirasto\.m2\repository\org\osgi\org.osgi.framework\1.9.0\org.osgi.framework-1.9.0.jar;C:\Users\shirasto\.m2\repository\org\osgi\org.osgi.resource\1.0.0\org.osgi.resource-1.0.0.jar;C:\Users\shirasto\.m2\repository\org\osgi\org.osgi.util.tracker\1.5.1\org.osgi.util.tracker-1.5.1.jar;C:\Users\shirasto\.m2\repository\org\slf4j\slf4j-api\1.7.21\slf4j-api-1.7.21.jar;C:\Users\shirasto\.m2\repository\javax\jcr\jcr\2.0\jcr-2.0.jar;C:\Users\shirasto\.m2\repository\javax\servlet\javax.servlet-api\3.1.0\javax.servlet-api-3.1.0.jar;C:\Users\shirasto\.m2\repository\javax\annotation\javax.annotation-api\1.3.2\javax.annotation-api-1.3.2.jar;C:\Users\shirasto\.m2\repository\org\apache\sling\org.apache.sling.servlets.annotations\1.2.4\org.apache.sling.servlets.annotations-1.2.4.jar;C:\Users\shirasto\.m2\repository\com\adobe\aem\uber-jar\6.5.7\uber-jar-6.5.7.jar;C:\Users\shirasto\.m2\repository\com\adobe\cq\core.wcm.components.core\2.17.0\core.wcm.components.core-2.17.0.jar;C:\Users\shirasto\.m2\repository\org\apache\sling\org.apache.sling.models.api\1.3.6\org.apache.sling.models.api-1.3.6.jar;C:\Users\shirasto\.m2\repository\org\projectlombok\lombok\1.18.20\lombok-1.18.20.jar;C:\Users\shirasto\.m2\repository\org\apache\poi\poi\5.0.0\poi-5.0.0.jar;C:\Users\shirasto\.m2\repository\org\slf4j\jcl-over-slf4j\1.7.30\jcl-over-slf4j-1.7.30.jar;C:\Users\shirasto\.m2\repository\commons-codec\commons-codec\1.15\commons-codec-1.15.jar;C:\Users\shirasto\.m2\repository\org\apache\commons\commons-collections4\4.4\commons-collections4-4.4.jar;C:\Users\shirasto\.m2\repository\org\apache\commons\commons-math3\3.6.1\commons-math3-3.6.1.jar;C:\Users\shirasto\.m2\repository\com\zaxxer\SparseBitSet\1.2\SparseBitSet-1.2.jar;C:\Users\shirasto\.m2\repository\org\apache\poi\poi-ooxml\5.0.0\poi-ooxml-5.0.0.jar;C:\Users\shirasto\.m2\repository\org\apache\poi\poi-ooxml-lite\5.0.0\poi-ooxml-lite-5.0.0.jar;C:\Users\shirasto\.m2\repository\org\apache\xmlbeans\xmlbeans\4.0.0\xmlbeans-4.0.0.jar;C:\Users\shirasto\.m2\repository\xml-apis\xml-apis\1.4.01\xml-apis-1.4.01.jar;C:\Users\shirasto\.m2\repository\org\apache\commons\commons-compress\1.20\commons-compress-1.20.jar;C:\Users\shirasto\.m2\repository\com\github\virtuald\curvesapi\1.06\curvesapi-1.06.jar;C:\Users\shirasto\.m2\repository\org\bouncycastle\bcpkix-jdk15on\1.68\bcpkix-jdk15on-1.68.jar;C:\Users\shirasto\.m2\repository\org\bouncycastle\bcprov-jdk15on\1.68\bcprov-jdk15on-1.68.jar;C:\Users\shirasto\.m2\repository\org\apache\santuario\xmlsec\2.2.1\xmlsec-2.2.1.jar;C:\Users\shirasto\.m2\repository\com\fasterxml\woodstox\woodstox-core\5.2.1\woodstox-core-5.2.1.jar;C:\Users\shirasto\.m2\repository\org\codehaus\woodstox\stax2-api\4.2\stax2-api-4.2.jar;C:\Users\shirasto\.m2\repository\org\apache\xmlgraphics\batik-all\1.13\batik-all-1.13.jar;C:\Users\shirasto\.m2\repository\org\apache\xmlgraphics\batik-anim\1.13\batik-anim-1.13.jar;C:\Users\shirasto\.m2\repository\org\apache\xmlgraphics\batik-shared-resources\1.13\batik-shared-resources-1.13.jar;C:\Users\shirasto\.m2\repository\xml-apis\xml-apis-ext\1.3.04\xml-apis-ext-1.3.04.jar;C:\Users\shirasto\.m2\repository\org\apache\xmlgraphics\batik-awt-util\1.13\batik-awt-util-1.13.jar;C:\Users\shirasto\.m2\repository\org\apache\xmlgraphics\xmlgraphics-commons\2.4\xmlgraphics-commons-2.4.jar;C:\Users\shirasto\.m2\repository\org\apache\xmlgraphics\batik-bridge\1.13\batik-bridge-1.13.jar;C:\Users\shirasto\.m2\repository\org\apache\xmlgraphics\batik-codec\1.13\batik-codec-1.13.jar;C:\Users\shirasto\.m2\repository\org\apache\xmlgraphics\batik-constants\1.13\batik-constants-1.13.jar;C:\Users\shirasto\.m2\repository\org\apache\xmlgraphics\batik-css\1.13\batik-css-1.13.jar;C:\Users\shirasto\.m2\repository\org\apache\xmlgraphics\batik-dom\1.13\batik-dom-1.13.jar;C:\Users\shirasto\.m2\repository\xalan\xalan\2.7.2\xalan-2.7.2.jar;C:\Users\shirasto\.m2\repository\xalan\serializer\2.7.2\serializer-2.7.2.jar;C:\Users\shirasto\.m2\repository\org\apache\xmlgraphics\batik-ext\1.13\batik-ext-1.13.jar;C:\Users\shirasto\.m2\repository\org\apache\xmlgraphics\batik-extension\1.13\batik-extension-1.13.jar;C:\Users\shirasto\.m2\repository\org\apache\xmlgraphics\batik-gui-util\1.13\batik-gui-util-1.13.jar;C:\Users\shirasto\.m2\repository\org\apache\xmlgraphics\batik-gvt\1.13\batik-gvt-1.13.jar;C:\Users\shirasto\.m2\repository\org\apache\xmlgraphics\batik-i18n\1.13\batik-i18n-1.13.jar;C:\Users\shirasto\.m2\repository\org\apache\xmlgraphics\batik-parser\1.13\batik-parser-1.13.jar;C:\Users\shirasto\.m2\repository\org\apache\xmlgraphics\batik-rasterizer-ext\1.13\batik-rasterizer-ext-1.13.jar;C:\Users\shirasto\.m2\repository\org\apache\xmlgraphics\batik-rasterizer\1.13\batik-rasterizer-1.13.jar;C:\Users\shirasto\.m2\repository\org\apache\xmlgraphics\batik-script\1.13\batik-script-1.13.jar;C:\Users\shirasto\.m2\repository\org\apache\xmlgraphics\batik-slideshow\1.13\batik-slideshow-1.13.jar;C:\Users\shirasto\.m2\repository\org\apache\xmlgraphics\batik-squiggle-ext\1.13\batik-squiggle-ext-1.13.jar;C:\Users\shirasto\.m2\repository\org\apache\xmlgraphics\batik-squiggle\1.13\batik-squiggle-1.13.jar;C:\Users\shirasto\.m2\repository\org\apache\xmlgraphics\batik-svg-dom\1.13\batik-svg-dom-1.13.jar;C:\Users\shirasto\.m2\repository\org\apache\xmlgraphics\batik-svgbrowser\1.13\batik-svgbrowser-1.13.jar;C:\Users\shirasto\.m2\repository\org\apache\xmlgraphics\batik-svggen\1.13\batik-svggen-1.13.jar;C:\Users\shirasto\.m2\repository\org\apache\xmlgraphics\batik-svgpp\1.13\batik-svgpp-1.13.jar;C:\Users\shirasto\.m2\repository\org\apache\xmlgraphics\batik-svgrasterizer\1.13\batik-svgrasterizer-1.13.jar;C:\Users\shirasto\.m2\repository\org\apache\xmlgraphics\batik-swing\1.13\batik-swing-1.13.jar;C:\Users\shirasto\.m2\repository\org\apache\xmlgraphics\batik-transcoder\1.13\batik-transcoder-1.13.jar;C:\Users\shirasto\.m2\repository\org\apache\xmlgraphics\batik-util\1.13\batik-util-1.13.jar;C:\Users\shirasto\.m2\repository\org\apache\xmlgraphics\batik-ttf2svg\1.13\batik-ttf2svg-1.13.jar;C:\Users\shirasto\.m2\repository\org\apache\xmlgraphics\batik-xml\1.13\batik-xml-1.13.jar;C:\Users\shirasto\.m2\repository\de\rototor\pdfbox\graphics2d\0.30\graphics2d-0.30.jar;C:\Users\shirasto\.m2\repository\org\apache\pdfbox\pdfbox\2.0.22\pdfbox-2.0.22.jar;C:\Users\shirasto\.m2\repository\org\apache\pdfbox\fontbox\2.0.22\fontbox-2.0.22.jar;C:\Users\shirasto\.m2\repository\org\apache\commons\commons-csv\1.4\commons-csv-1.4.jar;C:\Users\shirasto\.m2\repository\com\opencsv\opencsv\5.5.2\opencsv-5.5.2.jar;C:\Users\shirasto\.m2\repository\org\apache\commons\commons-lang3\3.12.0\commons-lang3-3.12.0.jar;C:\Users\shirasto\.m2\repository\org\apache\commons\commons-text\1.9\commons-text-1.9.jar;C:\Users\shirasto\.m2\repository\commons-beanutils\commons-beanutils\1.9.4\commons-beanutils-1.9.4.jar;C:\Users\shirasto\.m2\repository\commons-logging\commons-logging\1.2\commons-logging-1.2.jar;C:\Users\shirasto\.m2\repository\commons-collections\commons-collections\3.2.2\commons-collections-3.2.2.jar;C:\Users\shirasto\.m2\repository\org\junit\jupiter\junit-jupiter\5.6.2\junit-jupiter-5.6.2.jar;C:\Users\shirasto\.m2\repository\org\junit\jupiter\junit-jupiter-api\5.6.2\junit-jupiter-api-5.6.2.jar;C:\Users\shirasto\.m2\repository\org\apiguardian\apiguardian-api\1.1.0\apiguardian-api-1.1.0.jar;C:\Users\shirasto\.m2\repository\org\opentest4j\opentest4j\1.2.0\opentest4j-1.2.0.jar;C:\Users\shirasto\.m2\repository\org\junit\platform\junit-platform-commons\1.6.2\junit-platform-commons-1.6.2.jar;C:\Users\shirasto\.m2\repository\org\junit\jupiter\junit-jupiter-params\5.6.2\junit-jupiter-params-5.6.2.jar;C:\Users\shirasto\.m2\repository\org\junit\jupiter\junit-jupiter-engine\5.6.2\junit-jupiter-engine-5.6.2.jar;C:\Users\shirasto\.m2\repository\org\junit\platform\junit-platform-engine\1.6.2\junit-platform-engine-1.6.2.jar;C:\Users\shirasto\.m2\repository\org\mockito\mockito-core\3.3.3\mockito-core-3.3.3.jar;C:\Users\shirasto\.m2\repository\net\bytebuddy\byte-buddy\1.10.5\byte-buddy-1.10.5.jar;C:\Users\shirasto\.m2\repository\net\bytebuddy\byte-buddy-agent\1.10.5\byte-buddy-agent-1.10.5.jar;C:\Users\shirasto\.m2\repository\org\objenesis\objenesis\2.6\objenesis-2.6.jar;C:\Users\shirasto\.m2\repository\org\mockito\mockito-junit-jupiter\3.3.3\mockito-junit-jupiter-3.3.3.jar;C:\Users\shirasto\.m2\repository\junit-addons\junit-addons\1.4\junit-addons-1.4.jar;C:\Users\shirasto\.m2\repository\junit\junit\3.8.1\junit-3.8.1.jar;C:\Users\shirasto\.m2\repository\xerces\xercesImpl\2.6.2\xercesImpl-2.6.2.jar;C:\Users\shirasto\.m2\repository\xerces\xmlParserAPIs\2.6.2\xmlParserAPIs-2.6.2.jar;C:\Users\shirasto\.m2\repository\io\wcm\io.wcm.testing.aem-mock.junit5\3.0.2\io.wcm.testing.aem-mock.junit5-3.0.2.jar;C:\Users\shirasto\.m2\repository\io\wcm\io.wcm.testing.aem-mock.core\3.0.2\io.wcm.testing.aem-mock.core-3.0.2.jar;C:\Users\shirasto\.m2\repository\org\apache\sling\org.apache.sling.api\2.16.2\org.apache.sling.api-2.16.2.jar;C:\Users\shirasto\.m2\repository\org\apache\jackrabbit\jackrabbit-jcr-commons\2.14.0\jackrabbit-jcr-commons-2.14.0.jar;C:\Users\shirasto\.m2\repository\org\apache\sling\org.apache.sling.commons.osgi\2.4.0\org.apache.sling.commons.osgi-2.4.0.jar;C:\Users\shirasto\.m2\repository\org\apache\sling\org.apache.sling.resourceresolver\1.5.22\org.apache.sling.resourceresolver-1.5.22.jar;C:\Users\shirasto\.m2\repository\org\apache\sling\org.apache.sling.serviceusermapper\1.2.4\org.apache.sling.serviceusermapper-1.2.4.jar;C:\Users\shirasto\.m2\repository\org\apache\sling\org.apache.sling.jcr.api\2.4.0\org.apache.sling.jcr.api-2.4.0.jar;C:\Users\shirasto\.m2\repository\org\apache\sling\org.apache.sling.jcr.resource\2.9.2\org.apache.sling.jcr.resource-2.9.2.jar;C:\Users\shirasto\.m2\repository\org\apache\sling\org.apache.sling.commons.mime\2.1.10\org.apache.sling.commons.mime-2.1.10.jar;C:\Users\shirasto\.m2\repository\org\apache\sling\org.apache.sling.commons.json\2.0.20\org.apache.sling.commons.json-2.0.20.jar;C:\Users\shirasto\.m2\repository\org\apache\sling\org.apache.sling.commons.classloader\1.3.8\org.apache.sling.commons.classloader-1.3.8.jar;C:\Users\shirasto\.m2\repository\org\apache\sling\org.apache.sling.settings\1.3.8\org.apache.sling.settings-1.3.8.jar;C:\Users\shirasto\.m2\repository\org\apache\sling\org.apache.sling.i18n\2.5.6\org.apache.sling.i18n-2.5.6.jar;C:\Users\shirasto\.m2\repository\org\apache\jackrabbit\oak-jcr\1.6.1\oak-jcr-1.6.1.jar;C:\Users\shirasto\.m2\repository\org\apache\jackrabbit\oak-core\1.6.1\oak-core-1.6.1.jar;C:\Users\shirasto\.m2\repository\org\apache\jackrabbit\oak-blob\1.6.1\oak-blob-1.6.1.jar;C:\Users\shirasto\.m2\repository\org\apache\jackrabbit\jackrabbit-data\2.14.0\jackrabbit-data-2.14.0.jar;C:\Users\shirasto\.m2\repository\org\apache\jackrabbit\oak-commons\1.6.1\oak-commons-1.6.1.jar;C:\Users\shirasto\.m2\repository\org\apache\jackrabbit\jackrabbit-api\2.14.0\jackrabbit-api-2.14.0.jar;C:\Users\shirasto\.m2\repository\org\apache\sling\org.apache.sling.testing.jcr-mock\1.4.6\org.apache.sling.testing.jcr-mock-1.4.6.jar;C:\Users\shirasto\.m2\repository\org\apache\sling\org.apache.sling.testing.osgi-mock.core\2.4.16\org.apache.sling.testing.osgi-mock.core-2.4.16.jar;C:\Users\shirasto\.m2\repository\commons-io\commons-io\2.4\commons-io-2.4.jar;C:\Users\shirasto\.m2\repository\org\reflections\reflections\0.9.12\reflections-0.9.12.jar;C:\Users\shirasto\.m2\repository\org\javassist\javassist\3.26.0-GA\javassist-3.26.0-GA.jar;C:\Users\shirasto\.m2\repository\org\apache\sling\org.apache.sling.testing.sling-mock.core\2.5.0\org.apache.sling.testing.sling-mock.core-2.5.0.jar;C:\Users\shirasto\.m2\repository\org\apache\sling\org.apache.sling.scripting.api\2.1.12\org.apache.sling.scripting.api-2.1.12.jar;C:\Users\shirasto\.m2\repository\org\apache\sling\org.apache.sling.scripting.core\2.0.44\org.apache.sling.scripting.core-2.0.44.jar;C:\Users\shirasto\.m2\repository\org\apache\sling\org.apache.sling.contentparser.api\2.0.0\org.apache.sling.contentparser.api-2.0.0.jar;C:\Users\shirasto\.m2\repository\org\apache\sling\org.apache.sling.contentparser.json\2.0.0\org.apache.sling.contentparser.json-2.0.0.jar;C:\Users\shirasto\.m2\repository\org\apache\johnzon\johnzon-core\1.0.0\johnzon-core-1.0.0.jar;C:\Users\shirasto\.m2\repository\org\apache\sling\org.apache.sling.adapter\2.1.6\org.apache.sling.adapter-2.1.6.jar;C:\Users\shirasto\.m2\repository\org\apache\sling\org.apache.sling.resourcebuilder\1.0.4\org.apache.sling.resourcebuilder-1.0.4.jar;C:\Users\shirasto\.m2\repository\commons-lang\commons-lang\2.5\commons-lang-2.5.jar;C:\Users\shirasto\.m2\repository\org\apache\geronimo\specs\geronimo-atinject_1.0_spec\1.0\geronimo-atinject_1.0_spec-1.0.jar;C:\Users\shirasto\.m2\repository\org\apache\geronimo\specs\geronimo-json_1.1_spec\1.0\geronimo-json_1.1_spec-1.0.jar;C:\Users\shirasto\.m2\repository\org\apache\sling\org.apache.sling.testing.resourceresolver-mock\1.1.26\org.apache.sling.testing.resourceresolver-mock-1.1.26.jar;C:\Users\shirasto\.m2\repository\org\apache\sling\org.apache.sling.servlet-helpers\1.3.0\org.apache.sling.servlet-helpers-1.3.0.jar;C:\Users\shirasto\.m2\repository\org\apache\jackrabbit\vault\org.apache.jackrabbit.vault\3.1.18\org.apache.jackrabbit.vault-3.1.18.jar;C:\Users\shirasto\.m2\repository\org\apache\commons\commons-imaging\1.0-R1534292\commons-imaging-1.0-R1534292.jar;C:\Users\shirasto\.m2\repository\javax\servlet\jsp\jsp-api\2.1\jsp-api-2.1.jar;C:\Users\shirasto\.m2\repository\com\day\commons\day-commons-gfx\2.1.28\day-commons-gfx-2.1.28.jar;C:\Users\shirasto\.m2\repository\com\day\commons\day-commons-any\2.0.0\day-commons-any-2.0.0.jar;C:\Users\shirasto\.m2\repository\com\day\commons\day-commons-text\1.1.3\day-commons-text-1.1.3.jar;C:\Users\shirasto\.m2\repository\org\apache\sling\org.apache.sling.testing.hamcrest\1.0.2\org.apache.sling.testing.hamcrest-1.0.2.jar;C:\Users\shirasto\.m2\repository\org\hamcrest\hamcrest-library\1.3\hamcrest-library-1.3.jar;C:\Users\shirasto\.m2\repository\org\hamcrest\hamcrest-core\1.3\hamcrest-core-1.3.jar;C:\Users\shirasto\.m2\repository\org\apache\sling\org.apache.sling.models.impl\1.4.4\org.apache.sling.models.impl-1.4.4.jar;C:\Users\shirasto\.m2\repository\com\google\code\findbugs\jsr305\3.0.2\jsr305-3.0.2.jar;C:\Users\shirasto\.m2\repository\org\apache\maven\surefire\surefire-junit-platform\2.22.1\surefire-junit-platform-2.22.1.jar;C:\Users\shirasto\.m2\repository\org\junit\platform\junit-platform-launcher\1.3.1\junit-platform-launcher-1.3.1.jar"/>
    <property name="java.vm.vendor" value="Oracle Corporation"/>
    <property name="sun.arch.data.model" value="64"/>
    <property name="user.variant" value=""/>
    <property name="java.vendor.url" value="http://java.oracle.com/"/>
    <property name="user.timezone" value="Asia/Calcutta"/>
    <property name="java.vm.specification.version" value="1.8"/>
    <property name="os.name" value="Windows 10"/>
    <property name="user.country" value="US"/>
    <property name="sun.java.launcher" value="SUN_STANDARD"/>
    <property name="sun.boot.library.path" value="C:\Program Files\Java\jdk1.8.0_301\jre\bin"/>
    <property name="sun.java.command" value="org.apache.maven.surefire.booter.ForkedBooter C:\Users\shirasto\AppData\Local\Temp\surefire7009616537614364214 2021-09-16T10-48-33_149-jvmRun1 surefire8974873904934632769tmp surefire_07435742684601653748tmp"/>
    <property name="surefire.test.class.path" value="C:\Users\shirasto\Downloads\aem cards\mysbrcif\core\target\test-classes;C:\Users\shirasto\Downloads\aem cards\mysbrcif\core\target\classes;C:\Users\shirasto\.m2\repository\uk\org\lidalia\slf4j-test\1.0.1\slf4j-test-1.0.1.jar;C:\Users\shirasto\.m2\repository\uk\org\lidalia\lidalia-lang\1.0.0\lidalia-lang-1.0.0.jar;C:\Users\shirasto\.m2\repository\com\google\guava\guava\14.0.1\guava-14.0.1.jar;C:\Users\shirasto\.m2\repository\uk\org\lidalia\lidalia-slf4j-ext\1.0.0\lidalia-slf4j-ext-1.0.0.jar;C:\Users\shirasto\.m2\repository\joda-time\joda-time\2.2\joda-time-2.2.jar;C:\Users\shirasto\.m2\repository\org\osgi\org.osgi.annotation.versioning\1.1.0\org.osgi.annotation.versioning-1.1.0.jar;C:\Users\shirasto\.m2\repository\org\osgi\org.osgi.annotation.bundle\1.0.0\org.osgi.annotation.bundle-1.0.0.jar;C:\Users\shirasto\.m2\repository\org\osgi\org.osgi.service.metatype.annotations\1.4.0\org.osgi.service.metatype.annotations-1.4.0.jar;C:\Users\shirasto\.m2\repository\org\osgi\org.osgi.service.component.annotations\1.4.0\org.osgi.service.component.annotations-1.4.0.jar;C:\Users\shirasto\.m2\repository\org\osgi\org.osgi.service.component\1.4.0\org.osgi.service.component-1.4.0.jar;C:\Users\shirasto\.m2\repository\org\osgi\org.osgi.service.cm\1.6.0\org.osgi.service.cm-1.6.0.jar;C:\Users\shirasto\.m2\repository\org\osgi\org.osgi.service.event\1.3.1\org.osgi.service.event-1.3.1.jar;C:\Users\shirasto\.m2\repository\org\osgi\org.osgi.service.log\1.4.0\org.osgi.service.log-1.4.0.jar;C:\Users\shirasto\.m2\repository\org\osgi\org.osgi.framework\1.9.0\org.osgi.framework-1.9.0.jar;C:\Users\shirasto\.m2\repository\org\osgi\org.osgi.resource\1.0.0\org.osgi.resource-1.0.0.jar;C:\Users\shirasto\.m2\repository\org\osgi\org.osgi.util.tracker\1.5.1\org.osgi.util.tracker-1.5.1.jar;C:\Users\shirasto\.m2\repository\org\slf4j\slf4j-api\1.7.21\slf4j-api-1.7.21.jar;C:\Users\shirasto\.m2\repository\javax\jcr\jcr\2.0\jcr-2.0.jar;C:\Users\shirasto\.m2\repository\javax\servlet\javax.servlet-api\3.1.0\javax.servlet-api-3.1.0.jar;C:\Users\shirasto\.m2\repository\javax\annotation\javax.annotation-api\1.3.2\javax.annotation-api-1.3.2.jar;C:\Users\shirasto\.m2\repository\org\apache\sling\org.apache.sling.servlets.annotations\1.2.4\org.apache.sling.servlets.annotations-1.2.4.jar;C:\Users\shirasto\.m2\repository\com\adobe\aem\uber-jar\6.5.7\uber-jar-6.5.7.jar;C:\Users\shirasto\.m2\repository\com\adobe\cq\core.wcm.components.core\2.17.0\core.wcm.components.core-2.17.0.jar;C:\Users\shirasto\.m2\repository\org\apache\sling\org.apache.sling.models.api\1.3.6\org.apache.sling.models.api-1.3.6.jar;C:\Users\shirasto\.m2\repository\org\projectlombok\lombok\1.18.20\lombok-1.18.20.jar;C:\Users\shirasto\.m2\repository\org\apache\poi\poi\5.0.0\poi-5.0.0.jar;C:\Users\shirasto\.m2\repository\org\slf4j\jcl-over-slf4j\1.7.30\jcl-over-slf4j-1.7.30.jar;C:\Users\shirasto\.m2\repository\commons-codec\commons-codec\1.15\commons-codec-1.15.jar;C:\Users\shirasto\.m2\repository\org\apache\commons\commons-collections4\4.4\commons-collections4-4.4.jar;C:\Users\shirasto\.m2\repository\org\apache\commons\commons-math3\3.6.1\commons-math3-3.6.1.jar;C:\Users\shirasto\.m2\repository\com\zaxxer\SparseBitSet\1.2\SparseBitSet-1.2.jar;C:\Users\shirasto\.m2\repository\org\apache\poi\poi-ooxml\5.0.0\poi-ooxml-5.0.0.jar;C:\Users\shirasto\.m2\repository\org\apache\poi\poi-ooxml-lite\5.0.0\poi-ooxml-lite-5.0.0.jar;C:\Users\shirasto\.m2\repository\org\apache\xmlbeans\xmlbeans\4.0.0\xmlbeans-4.0.0.jar;C:\Users\shirasto\.m2\repository\xml-apis\xml-apis\1.4.01\xml-apis-1.4.01.jar;C:\Users\shirasto\.m2\repository\org\apache\commons\commons-compress\1.20\commons-compress-1.20.jar;C:\Users\shirasto\.m2\repository\com\github\virtuald\curvesapi\1.06\curvesapi-1.06.jar;C:\Users\shirasto\.m2\repository\org\bouncycastle\bcpkix-jdk15on\1.68\bcpkix-jdk15on-1.68.jar;C:\Users\shirasto\.m2\repository\org\bouncycastle\bcprov-jdk15on\1.68\bcprov-jdk15on-1.68.jar;C:\Users\shirasto\.m2\repository\org\apache\santuario\xmlsec\2.2.1\xmlsec-2.2.1.jar;C:\Users\shirasto\.m2\repository\com\fasterxml\woodstox\woodstox-core\5.2.1\woodstox-core-5.2.1.jar;C:\Users\shirasto\.m2\repository\org\codehaus\woodstox\stax2-api\4.2\stax2-api-4.2.jar;C:\Users\shirasto\.m2\repository\org\apache\xmlgraphics\batik-all\1.13\batik-all-1.13.jar;C:\Users\shirasto\.m2\repository\org\apache\xmlgraphics\batik-anim\1.13\batik-anim-1.13.jar;C:\Users\shirasto\.m2\repository\org\apache\xmlgraphics\batik-shared-resources\1.13\batik-shared-resources-1.13.jar;C:\Users\shirasto\.m2\repository\xml-apis\xml-apis-ext\1.3.04\xml-apis-ext-1.3.04.jar;C:\Users\shirasto\.m2\repository\org\apache\xmlgraphics\batik-awt-util\1.13\batik-awt-util-1.13.jar;C:\Users\shirasto\.m2\repository\org\apache\xmlgraphics\xmlgraphics-commons\2.4\xmlgraphics-commons-2.4.jar;C:\Users\shirasto\.m2\repository\org\apache\xmlgraphics\batik-bridge\1.13\batik-bridge-1.13.jar;C:\Users\shirasto\.m2\repository\org\apache\xmlgraphics\batik-codec\1.13\batik-codec-1.13.jar;C:\Users\shirasto\.m2\repository\org\apache\xmlgraphics\batik-constants\1.13\batik-constants-1.13.jar;C:\Users\shirasto\.m2\repository\org\apache\xmlgraphics\batik-css\1.13\batik-css-1.13.jar;C:\Users\shirasto\.m2\repository\org\apache\xmlgraphics\batik-dom\1.13\batik-dom-1.13.jar;C:\Users\shirasto\.m2\repository\xalan\xalan\2.7.2\xalan-2.7.2.jar;C:\Users\shirasto\.m2\repository\xalan\serializer\2.7.2\serializer-2.7.2.jar;C:\Users\shirasto\.m2\repository\org\apache\xmlgraphics\batik-ext\1.13\batik-ext-1.13.jar;C:\Users\shirasto\.m2\repository\org\apache\xmlgraphics\batik-extension\1.13\batik-extension-1.13.jar;C:\Users\shirasto\.m2\repository\org\apache\xmlgraphics\batik-gui-util\1.13\batik-gui-util-1.13.jar;C:\Users\shirasto\.m2\repository\org\apache\xmlgraphics\batik-gvt\1.13\batik-gvt-1.13.jar;C:\Users\shirasto\.m2\repository\org\apache\xmlgraphics\batik-i18n\1.13\batik-i18n-1.13.jar;C:\Users\shirasto\.m2\repository\org\apache\xmlgraphics\batik-parser\1.13\batik-parser-1.13.jar;C:\Users\shirasto\.m2\repository\org\apache\xmlgraphics\batik-rasterizer-ext\1.13\batik-rasterizer-ext-1.13.jar;C:\Users\shirasto\.m2\repository\org\apache\xmlgraphics\batik-rasterizer\1.13\batik-rasterizer-1.13.jar;C:\Users\shirasto\.m2\repository\org\apache\xmlgraphics\batik-script\1.13\batik-script-1.13.jar;C:\Users\shirasto\.m2\repository\org\apache\xmlgraphics\batik-slideshow\1.13\batik-slideshow-1.13.jar;C:\Users\shirasto\.m2\repository\org\apache\xmlgraphics\batik-squiggle-ext\1.13\batik-squiggle-ext-1.13.jar;C:\Users\shirasto\.m2\repository\org\apache\xmlgraphics\batik-squiggle\1.13\batik-squiggle-1.13.jar;C:\Users\shirasto\.m2\repository\org\apache\xmlgraphics\batik-svg-dom\1.13\batik-svg-dom-1.13.jar;C:\Users\shirasto\.m2\repository\org\apache\xmlgraphics\batik-svgbrowser\1.13\batik-svgbrowser-1.13.jar;C:\Users\shirasto\.m2\repository\org\apache\xmlgraphics\batik-svggen\1.13\batik-svggen-1.13.jar;C:\Users\shirasto\.m2\repository\org\apache\xmlgraphics\batik-svgpp\1.13\batik-svgpp-1.13.jar;C:\Users\shirasto\.m2\repository\org\apache\xmlgraphics\batik-svgrasterizer\1.13\batik-svgrasterizer-1.13.jar;C:\Users\shirasto\.m2\repository\org\apache\xmlgraphics\batik-swing\1.13\batik-swing-1.13.jar;C:\Users\shirasto\.m2\repository\org\apache\xmlgraphics\batik-transcoder\1.13\batik-transcoder-1.13.jar;C:\Users\shirasto\.m2\repository\org\apache\xmlgraphics\batik-util\1.13\batik-util-1.13.jar;C:\Users\shirasto\.m2\repository\org\apache\xmlgraphics\batik-ttf2svg\1.13\batik-ttf2svg-1.13.jar;C:\Users\shirasto\.m2\repository\org\apache\xmlgraphics\batik-xml\1.13\batik-xml-1.13.jar;C:\Users\shirasto\.m2\repository\de\rototor\pdfbox\graphics2d\0.30\graphics2d-0.30.jar;C:\Users\shirasto\.m2\repository\org\apache\pdfbox\pdfbox\2.0.22\pdfbox-2.0.22.jar;C:\Users\shirasto\.m2\repository\org\apache\pdfbox\fontbox\2.0.22\fontbox-2.0.22.jar;C:\Users\shirasto\.m2\repository\org\apache\commons\commons-csv\1.4\commons-csv-1.4.jar;C:\Users\shirasto\.m2\repository\com\opencsv\opencsv\5.5.2\opencsv-5.5.2.jar;C:\Users\shirasto\.m2\repository\org\apache\commons\commons-lang3\3.12.0\commons-lang3-3.12.0.jar;C:\Users\shirasto\.m2\repository\org\apache\commons\commons-text\1.9\commons-text-1.9.jar;C:\Users\shirasto\.m2\repository\commons-beanutils\commons-beanutils\1.9.4\commons-beanutils-1.9.4.jar;C:\Users\shirasto\.m2\repository\commons-logging\commons-logging\1.2\commons-logging-1.2.jar;C:\Users\shirasto\.m2\repository\commons-collections\commons-collections\3.2.2\commons-collections-3.2.2.jar;C:\Users\shirasto\.m2\repository\org\junit\jupiter\junit-jupiter\5.6.2\junit-jupiter-5.6.2.jar;C:\Users\shirasto\.m2\repository\org\junit\jupiter\junit-jupiter-api\5.6.2\junit-jupiter-api-5.6.2.jar;C:\Users\shirasto\.m2\repository\org\apiguardian\apiguardian-api\1.1.0\apiguardian-api-1.1.0.jar;C:\Users\shirasto\.m2\repository\org\opentest4j\opentest4j\1.2.0\opentest4j-1.2.0.jar;C:\Users\shirasto\.m2\repository\org\junit\platform\junit-platform-commons\1.6.2\junit-platform-commons-1.6.2.jar;C:\Users\shirasto\.m2\repository\org\junit\jupiter\junit-jupiter-params\5.6.2\junit-jupiter-params-5.6.2.jar;C:\Users\shirasto\.m2\repository\org\junit\jupiter\junit-jupiter-engine\5.6.2\junit-jupiter-engine-5.6.2.jar;C:\Users\shirasto\.m2\repository\org\junit\platform\junit-platform-engine\1.6.2\junit-platform-engine-1.6.2.jar;C:\Users\shirasto\.m2\repository\org\mockito\mockito-core\3.3.3\mockito-core-3.3.3.jar;C:\Users\shirasto\.m2\repository\net\bytebuddy\byte-buddy\1.10.5\byte-buddy-1.10.5.jar;C:\Users\shirasto\.m2\repository\net\bytebuddy\byte-buddy-agent\1.10.5\byte-buddy-agent-1.10.5.jar;C:\Users\shirasto\.m2\repository\org\objenesis\objenesis\2.6\objenesis-2.6.jar;C:\Users\shirasto\.m2\repository\org\mockito\mockito-junit-jupiter\3.3.3\mockito-junit-jupiter-3.3.3.jar;C:\Users\shirasto\.m2\repository\junit-addons\junit-addons\1.4\junit-addons-1.4.jar;C:\Users\shirasto\.m2\repository\junit\junit\3.8.1\junit-3.8.1.jar;C:\Users\shirasto\.m2\repository\xerces\xercesImpl\2.6.2\xercesImpl-2.6.2.jar;C:\Users\shirasto\.m2\repository\xerces\xmlParserAPIs\2.6.2\xmlParserAPIs-2.6.2.jar;C:\Users\shirasto\.m2\repository\io\wcm\io.wcm.testing.aem-mock.junit5\3.0.2\io.wcm.testing.aem-mock.junit5-3.0.2.jar;C:\Users\shirasto\.m2\repository\io\wcm\io.wcm.testing.aem-mock.core\3.0.2\io.wcm.testing.aem-mock.core-3.0.2.jar;C:\Users\shirasto\.m2\repository\org\apache\sling\org.apache.sling.api\2.16.2\org.apache.sling.api-2.16.2.jar;C:\Users\shirasto\.m2\repository\org\apache\jackrabbit\jackrabbit-jcr-commons\2.14.0\jackrabbit-jcr-commons-2.14.0.jar;C:\Users\shirasto\.m2\repository\org\apache\sling\org.apache.sling.commons.osgi\2.4.0\org.apache.sling.commons.osgi-2.4.0.jar;C:\Users\shirasto\.m2\repository\org\apache\sling\org.apache.sling.resourceresolver\1.5.22\org.apache.sling.resourceresolver-1.5.22.jar;C:\Users\shirasto\.m2\repository\org\apache\sling\org.apache.sling.serviceusermapper\1.2.4\org.apache.sling.serviceusermapper-1.2.4.jar;C:\Users\shirasto\.m2\repository\org\apache\sling\org.apache.sling.jcr.api\2.4.0\org.apache.sling.jcr.api-2.4.0.jar;C:\Users\shirasto\.m2\repository\org\apache\sling\org.apache.sling.jcr.resource\2.9.2\org.apache.sling.jcr.resource-2.9.2.jar;C:\Users\shirasto\.m2\repository\org\apache\sling\org.apache.sling.commons.mime\2.1.10\org.apache.sling.commons.mime-2.1.10.jar;C:\Users\shirasto\.m2\repository\org\apache\sling\org.apache.sling.commons.json\2.0.20\org.apache.sling.commons.json-2.0.20.jar;C:\Users\shirasto\.m2\repository\org\apache\sling\org.apache.sling.commons.classloader\1.3.8\org.apache.sling.commons.classloader-1.3.8.jar;C:\Users\shirasto\.m2\repository\org\apache\sling\org.apache.sling.settings\1.3.8\org.apache.sling.settings-1.3.8.jar;C:\Users\shirasto\.m2\repository\org\apache\sling\org.apache.sling.i18n\2.5.6\org.apache.sling.i18n-2.5.6.jar;C:\Users\shirasto\.m2\repository\org\apache\jackrabbit\oak-jcr\1.6.1\oak-jcr-1.6.1.jar;C:\Users\shirasto\.m2\repository\org\apache\jackrabbit\oak-core\1.6.1\oak-core-1.6.1.jar;C:\Users\shirasto\.m2\repository\org\apache\jackrabbit\oak-blob\1.6.1\oak-blob-1.6.1.jar;C:\Users\shirasto\.m2\repository\org\apache\jackrabbit\jackrabbit-data\2.14.0\jackrabbit-data-2.14.0.jar;C:\Users\shirasto\.m2\repository\org\apache\jackrabbit\oak-commons\1.6.1\oak-commons-1.6.1.jar;C:\Users\shirasto\.m2\repository\org\apache\jackrabbit\jackrabbit-api\2.14.0\jackrabbit-api-2.14.0.jar;C:\Users\shirasto\.m2\repository\org\apache\sling\org.apache.sling.testing.jcr-mock\1.4.6\org.apache.sling.testing.jcr-mock-1.4.6.jar;C:\Users\shirasto\.m2\repository\org\apache\sling\org.apache.sling.testing.osgi-mock.core\2.4.16\org.apache.sling.testing.osgi-mock.core-2.4.16.jar;C:\Users\shirasto\.m2\repository\commons-io\commons-io\2.4\commons-io-2.4.jar;C:\Users\shirasto\.m2\repository\org\reflections\reflections\0.9.12\reflections-0.9.12.jar;C:\Users\shirasto\.m2\repository\org\javassist\javassist\3.26.0-GA\javassist-3.26.0-GA.jar;C:\Users\shirasto\.m2\repository\org\apache\sling\org.apache.sling.testing.sling-mock.core\2.5.0\org.apache.sling.testing.sling-mock.core-2.5.0.jar;C:\Users\shirasto\.m2\repository\org\apache\sling\org.apache.sling.scripting.api\2.1.12\org.apache.sling.scripting.api-2.1.12.jar;C:\Users\shirasto\.m2\repository\org\apache\sling\org.apache.sling.scripting.core\2.0.44\org.apache.sling.scripting.core-2.0.44.jar;C:\Users\shirasto\.m2\repository\org\apache\sling\org.apache.sling.contentparser.api\2.0.0\org.apache.sling.contentparser.api-2.0.0.jar;C:\Users\shirasto\.m2\repository\org\apache\sling\org.apache.sling.contentparser.json\2.0.0\org.apache.sling.contentparser.json-2.0.0.jar;C:\Users\shirasto\.m2\repository\org\apache\johnzon\johnzon-core\1.0.0\johnzon-core-1.0.0.jar;C:\Users\shirasto\.m2\repository\org\apache\sling\org.apache.sling.adapter\2.1.6\org.apache.sling.adapter-2.1.6.jar;C:\Users\shirasto\.m2\repository\org\apache\sling\org.apache.sling.resourcebuilder\1.0.4\org.apache.sling.resourcebuilder-1.0.4.jar;C:\Users\shirasto\.m2\repository\commons-lang\commons-lang\2.5\commons-lang-2.5.jar;C:\Users\shirasto\.m2\repository\org\apache\geronimo\specs\geronimo-atinject_1.0_spec\1.0\geronimo-atinject_1.0_spec-1.0.jar;C:\Users\shirasto\.m2\repository\org\apache\geronimo\specs\geronimo-json_1.1_spec\1.0\geronimo-json_1.1_spec-1.0.jar;C:\Users\shirasto\.m2\repository\org\apache\sling\org.apache.sling.testing.resourceresolver-mock\1.1.26\org.apache.sling.testing.resourceresolver-mock-1.1.26.jar;C:\Users\shirasto\.m2\repository\org\apache\sling\org.apache.sling.servlet-helpers\1.3.0\org.apache.sling.servlet-helpers-1.3.0.jar;C:\Users\shirasto\.m2\repository\org\apache\jackrabbit\vault\org.apache.jackrabbit.vault\3.1.18\org.apache.jackrabbit.vault-3.1.18.jar;C:\Users\shirasto\.m2\repository\org\apache\commons\commons-imaging\1.0-R1534292\commons-imaging-1.0-R1534292.jar;C:\Users\shirasto\.m2\repository\javax\servlet\jsp\jsp-api\2.1\jsp-api-2.1.jar;C:\Users\shirasto\.m2\repository\com\day\commons\day-commons-gfx\2.1.28\day-commons-gfx-2.1.28.jar;C:\Users\shirasto\.m2\repository\com\day\commons\day-commons-any\2.0.0\day-commons-any-2.0.0.jar;C:\Users\shirasto\.m2\repository\com\day\commons\day-commons-text\1.1.3\day-commons-text-1.1.3.jar;C:\Users\shirasto\.m2\repository\org\apache\sling\org.apache.sling.testing.hamcrest\1.0.2\org.apache.sling.testing.hamcrest-1.0.2.jar;C:\Users\shirasto\.m2\repository\org\hamcrest\hamcrest-library\1.3\hamcrest-library-1.3.jar;C:\Users\shirasto\.m2\repository\org\hamcrest\hamcrest-core\1.3\hamcrest-core-1.3.jar;C:\Users\shirasto\.m2\repository\org\apache\sling\org.apache.sling.models.impl\1.4.4\org.apache.sling.models.impl-1.4.4.jar;C:\Users\shirasto\.m2\repository\com\google\code\findbugs\jsr305\3.0.2\jsr305-3.0.2.jar;"/>
    <property name="sun.cpu.endian" value="little"/>
    <property name="user.home" value="C:\Users\shirasto"/>
    <property name="user.language" value="en"/>
    <property name="java.specification.vendor" value="Oracle Corporation"/>
    <property name="java.home" value="C:\Program Files\Java\jdk1.8.0_301\jre"/>
    <property name="basedir" value="C:\Users\shirasto\Downloads\aem cards\mysbrcif\core"/>
    <property name="file.separator" value="\"/>
    <property name="line.separator" value="&#10;"/>
    <property name="java.vm.specification.vendor" value="Oracle Corporation"/>
    <property name="java.specification.name" value="Java Platform API Specification"/>
    <property name="java.awt.graphicsenv" value="sun.awt.Win32GraphicsEnvironment"/>
    <property name="sun.boot.class.path" value="C:\Program Files\Java\jdk1.8.0_301\jre\lib\resources.jar;C:\Program Files\Java\jdk1.8.0_301\jre\lib\rt.jar;C:\Program Files\Java\jdk1.8.0_301\jre\lib\sunrsasign.jar;C:\Program Files\Java\jdk1.8.0_301\jre\lib\jsse.jar;C:\Program Files\Java\jdk1.8.0_301\jre\lib\jce.jar;C:\Program Files\Java\jdk1.8.0_301\jre\lib\charsets.jar;C:\Program Files\Java\jdk1.8.0_301\jre\lib\jfr.jar;C:\Program Files\Java\jdk1.8.0_301\jre\classes"/>
    <property name="user.script" value=""/>
    <property name="sun.management.compiler" value="HotSpot 64-Bit Tiered Compilers"/>
    <property name="java.runtime.version" value="1.8.0_301-b09"/>
    <property name="user.name" value="shirasto"/>
    <property name="path.separator" value=";"/>
    <property name="os.version" value="10.0"/>
    <property name="java.endorsed.dirs" value="C:\Program Files\Java\jdk1.8.0_301\jre\lib\endorsed"/>
    <property name="java.runtime.name" value="Java(TM) SE Runtime Environment"/>
    <property name="file.encoding" value="Cp1252"/>
    <property name="java.vm.name" value="Java HotSpot(TM) 64-Bit Server VM"/>
    <property name="localRepository" value="C:\Users\shirasto\.m2\repository"/>
    <property name="java.vendor.url.bug" value="http://bugreport.sun.com/bugreport/"/>
    <property name="java.io.tmpdir" value="C:\Users\shirasto\AppData\Local\Temp\"/>
    <property name="java.version" value="1.8.0_301"/>
    <property name="user.dir" value="C:\Users\shirasto\Downloads\aem cards\mysbrcif\core"/>
    <property name="os.arch" value="amd64"/>
    <property name="java.vm.specification.name" value="Java Virtual Machine Specification"/>
    <property name="java.awt.printerjob" value="sun.awt.windows.WPrinterJob"/>
    <property name="sun.os.patch.level" value=""/>
    <property name="java.library.path" value="C:\Program Files\Java\jdk1.8.0_301\jre\bin;C:\WINDOWS\Sun\Java\bin;C:\WINDOWS\system32;C:\WINDOWS;C:\Program Files (x86)\Common Files\Oracle\Java\javapath;C:\WINDOWS\system32;C:\WINDOWS;C:\WINDOWS\System32\Wbem;C:\WINDOWS\System32\WindowsPowerShell\v1.0\;C:\WINDOWS\System32\OpenSSH\;C:\apache-maven-3.8.1\bin;C:\Program Files\Java\jdk1.8.0_301\bin;C:\Program Files (x86)\Brackets\command;C:\xampp\php;C:\Program Files\Git_N\cmd;C:\Program Files\Docker\Docker\resources\bin;C:\ProgramData\DockerDesktop\version-bin;C:\Users\shirasto\AppData\Local\Microsoft\WindowsApps;;C:\Users\shirasto\AppData\Local\JetBrains\IntelliJ IDEA 2021.2\bin;;C:\Program Files\JetBrains\IntelliJ IDEA Community Edition 2021.2\bin;;C:\Users\shirasto\AppData\Local\Programs\Microsoft VS Code\bin;."/>
    <property name="java.vm.info" value="mixed mode"/>
    <property name="java.vendor" value="Oracle Corporation"/>
    <property name="java.vm.version" value="25.301-b09"/>
    <property name="java.ext.dirs" value="C:\Program Files\Java\jdk1.8.0_301\jre\lib\ext;C:\WINDOWS\Sun\Java\lib\ext"/>
    <property name="sun.io.unicode.encoding" value="UnicodeLittle"/>
    <property name="java.class.version" value="52.0"/>
  </properties>
  <testcase name="handleEvent" classname="com.mysbrcif.core.listeners.SimpleResourceListenerTest" time="0"/>
</testsuite>